C:\USERS\咱咱\DESKTOP\SAMPLE\CS580_FINAL_PROJECT\CS580_FINAL_PROJECT\DEBUG\CS580_FINAL_PROJECT.EXE.EMBED.MANIFEST.RES
E:\Sample\CS580_Final_Project\CS580_Final_Project\Debug\cl.command.1.tlog
E:\Sample\CS580_Final_Project\CS580_Final_Project\Debug\CL.read.1.tlog
E:\Sample\CS580_Final_Project\CS580_Final_Project\Debug\CL.write.1.tlog
E:\SAMPLE\CS580_FINAL_PROJECT\CS580_FINAL_PROJECT\DEBUG\CS580_FINAL_PROJECT.EXE.EMBED.MANIFEST
E:\SAMPLE\CS580_FINAL_PROJECT\CS580_FINAL_PROJECT\DEBUG\CS580_FINAL_PROJECT.EXE.EMBED.MANIFEST.RES
E:\Sample\CS580_Final_Project\CS580_Final_Project\Debug\CS580_Final_Project.exe.intermediate.manifest
E:\Sample\CS580_Final_Project\CS580_Final_Project\Debug\CS580_Final_Project.vcxprojResolveAssemblyReference.cache
E:\Sample\CS580_Final_Project\CS580_Final_Project\Debug\CS580_Final_Project.write.1.tlog
E:\Sample\CS580_Final_Project\CS580_Final_Project\Debug\CS580_Final_Project_manifest.rc
E:\Sample\CS580_Final_Project\CS580_Final_Project\Debug\kernel.cu.cache
E:\Sample\CS580_Final_Project\CS580_Final_Project\Debug\kernel.cu.obj
E:\Sample\CS580_Final_Project\CS580_Final_Project\Debug\link.2700.read.1.tlog
E:\Sample\CS580_Final_Project\CS580_Final_Project\Debug\link.2700.write.1.tlog
E:\Sample\CS580_Final_Project\CS580_Final_Project\Debug\link.2700-cvtres.read.1.tlog
E:\Sample\CS580_Final_Project\CS580_Final_Project\Debug\link.2700-cvtres.write.1.tlog
E:\Sample\CS580_Final_Project\CS580_Final_Project\Debug\link.5408.read.1.tlog
E:\Sample\CS580_Final_Project\CS580_Final_Project\Debug\link.5408.write.1.tlog
E:\Sample\CS580_Final_Project\CS580_Final_Project\Debug\link.5408-cvtres.read.1.tlog
E:\Sample\CS580_Final_Project\CS580_Final_Project\Debug\link.5408-cvtres.write.1.tlog
E:\Sample\CS580_Final_Project\CS580_Final_Project\Debug\link.5452.read.1.tlog
E:\Sample\CS580_Final_Project\CS580_Final_Project\Debug\link.5452.write.1.tlog
E:\Sample\CS580_Final_Project\CS580_Final_Project\Debug\link.5452-cvtres.read.1.tlog
E:\Sample\CS580_Final_Project\CS580_Final_Project\Debug\link.5452-cvtres.write.1.tlog
E:\Sample\CS580_Final_Project\CS580_Final_Project\Debug\link.6004.read.1.tlog
E:\Sample\CS580_Final_Project\CS580_Final_Project\Debug\link.6004.write.1.tlog
E:\Sample\CS580_Final_Project\CS580_Final_Project\Debug\link.6004-cvtres.read.1.tlog
E:\Sample\CS580_Final_Project\CS580_Final_Project\Debug\link.6004-cvtres.write.1.tlog
E:\Sample\CS580_Final_Project\CS580_Final_Project\Debug\link.6396.read.1.tlog
E:\Sample\CS580_Final_Project\CS580_Final_Project\Debug\link.6396.write.1.tlog
E:\Sample\CS580_Final_Project\CS580_Final_Project\Debug\link.6396-cvtres.read.1.tlog
E:\Sample\CS580_Final_Project\CS580_Final_Project\Debug\link.6396-cvtres.write.1.tlog
E:\Sample\CS580_Final_Project\CS580_Final_Project\Debug\link.6424.read.1.tlog
E:\Sample\CS580_Final_Project\CS580_Final_Project\Debug\link.6424.write.1.tlog
E:\Sample\CS580_Final_Project\CS580_Final_Project\Debug\link.6424-cvtres.read.1.tlog
E:\Sample\CS580_Final_Project\CS580_Final_Project\Debug\link.6424-cvtres.write.1.tlog
E:\Sample\CS580_Final_Project\CS580_Final_Project\Debug\link.command.1.tlog
E:\Sample\CS580_Final_Project\CS580_Final_Project\Debug\link.read.1.tlog
E:\Sample\CS580_Final_Project\CS580_Final_Project\Debug\link.write.1.tlog
E:\Sample\CS580_Final_Project\CS580_Final_Project\Debug\link-cvtres.read.1.tlog
E:\Sample\CS580_Final_Project\CS580_Final_Project\Debug\link-cvtres.write.1.tlog
E:\SAMPLE\CS580_FINAL_PROJECT\CS580_FINAL_PROJECT\DEBUG\MAIN.OBJ
E:\Sample\CS580_Final_Project\CS580_Final_Project\Debug\mt.command.1.tlog
E:\Sample\CS580_Final_Project\CS580_Final_Project\Debug\mt.read.1.tlog
E:\Sample\CS580_Final_Project\CS580_Final_Project\Debug\mt.write.1.tlog
E:\Sample\CS580_Final_Project\CS580_Final_Project\Debug\rc.command.1.tlog
E:\Sample\CS580_Final_Project\CS580_Final_Project\Debug\rc.read.1.tlog
E:\Sample\CS580_Final_Project\CS580_Final_Project\Debug\rc.write.1.tlog
E:\Sample\CS580_Final_Project\CS580_Final_Project\Debug\vc100.idb
E:\SAMPLE\CS580_FINAL_PROJECT\CS580_FINAL_PROJECT\DEBUG\VC100.PDB
E:\Sample\CS580_Final_Project\Debug\CS580_Final_Project.pdb
