Build started 11/18/2014 5:49:16 PM.
     1>Project "C:\Users\Huayu\Desktop\CSCI 580\580Project\CSCI580_FinalProject\CS580_Final_Project\CS580_Final_Project\CS580_Final_Project.vcxproj" on node 2 (Build target(s)).
     1>AddCudaCompileDeps:
         C:\Program Files (x86)\Microsoft Visual Studio 12.0\VC\bin\cl.exe /E /nologo /showIncludes /TP /D__CUDACC__ /DWIN32 /D_DEBUG /D_CONSOLE /D_MBCS /I"C:\Program Files\NVIDIA GPU Computing Toolkit\CUDA\v6.5\include" /I"C:\Program Files\NVIDIA GPU Computing Toolkit\CUDA\v6.5\bin" /I"C:\Program Files\NVIDIA GPU Computing Toolkit\CUDA\v6.5\include" /I. /FIcuda_runtime.h /c "C:\Users\Huayu\Desktop\CSCI 580\580Project\CSCI580_FinalProject\CS580_Final_Project\CS580_Final_Project\kernel.cu" 
       CudaBuild:
         Compiling CUDA source file kernel.cu...
         cmd.exe /C "C:\Users\Huayu\AppData\Local\Temp\tmpd8f4383c18f8476f9420d1530a8c0855.cmd"
         "C:\Program Files\NVIDIA GPU Computing Toolkit\CUDA\v6.5\bin\nvcc.exe" -gencode=arch=compute_20,code=\"sm_20,compute_20\" --use-local-env --cl-version 2013 -ccbin "C:\Program Files (x86)\Microsoft Visual Studio 12.0\VC\bin"  -I"C:\Program Files\NVIDIA GPU Computing Toolkit\CUDA\v6.5\include" -I"C:\Program Files\NVIDIA GPU Computing Toolkit\CUDA\v6.5\include"  -G   --keep-dir Debug -maxrregcount=0  --machine 32 --compile -cudart static  -g   -DWIN32 -D_DEBUG -D_CONSOLE -D_MBCS -Xcompiler "/EHsc /W3 /nologo /Od /Zi /RTC1 /MDd  " -o Debug\kernel.cu.obj "C:\Users\Huayu\Desktop\CSCI 580\580Project\CSCI580_FinalProject\CS580_Final_Project\CS580_Final_Project\kernel.cu"
         
         C:\Users\Huayu\Desktop\CSCI 580\580Project\CSCI580_FinalProject\CS580_Final_Project\CS580_Final_Project>"C:\Program Files\NVIDIA GPU Computing Toolkit\CUDA\v6.5\bin\nvcc.exe" -gencode=arch=compute_20,code=\"sm_20,compute_20\" --use-local-env --cl-version 2013 -ccbin "C:\Program Files (x86)\Microsoft Visual Studio 12.0\VC\bin"  -I"C:\Program Files\NVIDIA GPU Computing Toolkit\CUDA\v6.5\include" -I"C:\Program Files\NVIDIA GPU Computing Toolkit\CUDA\v6.5\include"  -G   --keep-dir Debug -maxrregcount=0  --machine 32 --compile -cudart static  -g   -DWIN32 -D_DEBUG -D_CONSOLE -D_MBCS -Xcompiler "/EHsc /W3 /nologo /Od /Zi /RTC1 /MDd  " -o Debug\kernel.cu.obj "C:\Users\Huayu\Desktop\CSCI 580\580Project\CSCI580_FinalProject\CS580_Final_Project\CS580_Final_Project\kernel.cu" 
     1>c:\program files\nvidia gpu computing toolkit\cuda\v6.5\include\math_functions.h : warning C4819: The file contains a character that cannot be represented in the current code page (936). Save the file in Unicode format to prevent data loss
     1>c:\program files\nvidia gpu computing toolkit\cuda\v6.5\include\math_functions.h(853): warning C4819: The file contains a character that cannot be represented in the current code page (936). Save the file in Unicode format to prevent data loss
     1>c:\program files\nvidia gpu computing toolkit\cuda\v6.5\include\math_functions.h(1820): warning C4819: The file contains a character that cannot be represented in the current code page (936). Save the file in Unicode format to prevent data loss
     1>c:\program files\nvidia gpu computing toolkit\cuda\v6.5\include\math_functions.h(2700): warning C4819: The file contains a character that cannot be represented in the current code page (936). Save the file in Unicode format to prevent data loss
     1>c:\program files\nvidia gpu computing toolkit\cuda\v6.5\include\math_functions.h(3633): warning C4819: The file contains a character that cannot be represented in the current code page (936). Save the file in Unicode format to prevent data loss
     1>c:\program files\nvidia gpu computing toolkit\cuda\v6.5\include\math_functions.h(4541): warning C4819: The file contains a character that cannot be represented in the current code page (936). Save the file in Unicode format to prevent data loss
     1>c:\program files\nvidia gpu computing toolkit\cuda\v6.5\include\math_functions.h(5447): warning C4819: The file contains a character that cannot be represented in the current code page (936). Save the file in Unicode format to prevent data loss
     1>c:\program files\nvidia gpu computing toolkit\cuda\v6.5\include\math_functions.h(6341): warning C4819: The file contains a character that cannot be represented in the current code page (936). Save the file in Unicode format to prevent data loss
     1>c:\program files\nvidia gpu computing toolkit\cuda\v6.5\include\math_functions.h(7191): warning C4819: The file contains a character that cannot be represented in the current code page (936). Save the file in Unicode format to prevent data loss
     1>c:\program files\nvidia gpu computing toolkit\cuda\v6.5\include\device_functions.h : warning C4819: The file contains a character that cannot be represented in the current code page (936). Save the file in Unicode format to prevent data loss
     1>c:\program files\nvidia gpu computing toolkit\cuda\v6.5\include\device_functions.h(783): warning C4819: The file contains a character that cannot be represented in the current code page (936). Save the file in Unicode format to prevent data loss
     1>c:\program files\nvidia gpu computing toolkit\cuda\v6.5\include\device_functions.h(1659): warning C4819: The file contains a character that cannot be represented in the current code page (936). Save the file in Unicode format to prevent data loss
     1>c:\program files\nvidia gpu computing toolkit\cuda\v6.5\include\sm_13_double_functions.h : warning C4819: The file contains a character that cannot be represented in the current code page (936). Save the file in Unicode format to prevent data loss
     1>C:\Program Files\NVIDIA GPU Computing Toolkit\CUDA\v6.5\include\math_functions.h : warning C4819: The file contains a character that cannot be represented in the current code page (936). Save the file in Unicode format to prevent data loss
     1>C:\Program Files\NVIDIA GPU Computing Toolkit\CUDA\v6.5\include\math_functions.h(853): warning C4819: The file contains a character that cannot be represented in the current code page (936). Save the file in Unicode format to prevent data loss
     1>C:\Program Files\NVIDIA GPU Computing Toolkit\CUDA\v6.5\include\math_functions.h(1820): warning C4819: The file contains a character that cannot be represented in the current code page (936). Save the file in Unicode format to prevent data loss
     1>C:\Program Files\NVIDIA GPU Computing Toolkit\CUDA\v6.5\include\math_functions.h(2700): warning C4819: The file contains a character that cannot be represented in the current code page (936). Save the file in Unicode format to prevent data loss
     1>C:\Program Files\NVIDIA GPU Computing Toolkit\CUDA\v6.5\include\math_functions.h(3633): warning C4819: The file contains a character that cannot be represented in the current code page (936). Save the file in Unicode format to prevent data loss
     1>C:\Program Files\NVIDIA GPU Computing Toolkit\CUDA\v6.5\include\math_functions.h(4541): warning C4819: The file contains a character that cannot be represented in the current code page (936). Save the file in Unicode format to prevent data loss
     1>C:\Program Files\NVIDIA GPU Computing Toolkit\CUDA\v6.5\include\math_functions.h(5447): warning C4819: The file contains a character that cannot be represented in the current code page (936). Save the file in Unicode format to prevent data loss
     1>C:\Program Files\NVIDIA GPU Computing Toolkit\CUDA\v6.5\include\math_functions.h(6341): warning C4819: The file contains a character that cannot be represented in the current code page (936). Save the file in Unicode format to prevent data loss
     1>C:\Program Files\NVIDIA GPU Computing Toolkit\CUDA\v6.5\include\math_functions.h(7191): warning C4819: The file contains a character that cannot be represented in the current code page (936). Save the file in Unicode format to prevent data loss
     1>c:\program files\nvidia gpu computing toolkit\cuda\v6.5\include\math_functions.h : warning C4819: The file contains a character that cannot be represented in the current code page (936). Save the file in Unicode format to prevent data loss
     1>c:\program files\nvidia gpu computing toolkit\cuda\v6.5\include\math_functions.h(853): warning C4819: The file contains a character that cannot be represented in the current code page (936). Save the file in Unicode format to prevent data loss
     1>c:\program files\nvidia gpu computing toolkit\cuda\v6.5\include\math_functions.h(1820): warning C4819: The file contains a character that cannot be represented in the current code page (936). Save the file in Unicode format to prevent data loss
     1>c:\program files\nvidia gpu computing toolkit\cuda\v6.5\include\math_functions.h(2700): warning C4819: The file contains a character that cannot be represented in the current code page (936). Save the file in Unicode format to prevent data loss
     1>c:\program files\nvidia gpu computing toolkit\cuda\v6.5\include\math_functions.h(3633): warning C4819: The file contains a character that cannot be represented in the current code page (936). Save the file in Unicode format to prevent data loss
     1>c:\program files\nvidia gpu computing toolkit\cuda\v6.5\include\math_functions.h(4541): warning C4819: The file contains a character that cannot be represented in the current code page (936). Save the file in Unicode format to prevent data loss
     1>c:\program files\nvidia gpu computing toolkit\cuda\v6.5\include\math_functions.h(5447): warning C4819: The file contains a character that cannot be represented in the current code page (936). Save the file in Unicode format to prevent data loss
     1>c:\program files\nvidia gpu computing toolkit\cuda\v6.5\include\math_functions.h(6341): warning C4819: The file contains a character that cannot be represented in the current code page (936). Save the file in Unicode format to prevent data loss
     1>c:\program files\nvidia gpu computing toolkit\cuda\v6.5\include\math_functions.h(7191): warning C4819: The file contains a character that cannot be represented in the current code page (936). Save the file in Unicode format to prevent data loss
     1>c:\program files\nvidia gpu computing toolkit\cuda\v6.5\include\math_functions.h : warning C4819: The file contains a character that cannot be represented in the current code page (936). Save the file in Unicode format to prevent data loss
     1>c:\program files\nvidia gpu computing toolkit\cuda\v6.5\include\math_functions.h(853): warning C4819: The file contains a character that cannot be represented in the current code page (936). Save the file in Unicode format to prevent data loss
     1>c:\program files\nvidia gpu computing toolkit\cuda\v6.5\include\math_functions.h(1820): warning C4819: The file contains a character that cannot be represented in the current code page (936). Save the file in Unicode format to prevent data loss
     1>c:\program files\nvidia gpu computing toolkit\cuda\v6.5\include\math_functions.h(2700): warning C4819: The file contains a character that cannot be represented in the current code page (936). Save the file in Unicode format to prevent data loss
     1>c:\program files\nvidia gpu computing toolkit\cuda\v6.5\include\math_functions.h(3633): warning C4819: The file contains a character that cannot be represented in the current code page (936). Save the file in Unicode format to prevent data loss
     1>c:\program files\nvidia gpu computing toolkit\cuda\v6.5\include\math_functions.h(4541): warning C4819: The file contains a character that cannot be represented in the current code page (936). Save the file in Unicode format to prevent data loss
     1>c:\program files\nvidia gpu computing toolkit\cuda\v6.5\include\math_functions.h(5447): warning C4819: The file contains a character that cannot be represented in the current code page (936). Save the file in Unicode format to prevent data loss
     1>c:\program files\nvidia gpu computing toolkit\cuda\v6.5\include\math_functions.h(6341): warning C4819: The file contains a character that cannot be represented in the current code page (936). Save the file in Unicode format to prevent data loss
     1>c:\program files\nvidia gpu computing toolkit\cuda\v6.5\include\math_functions.h(7191): warning C4819: The file contains a character that cannot be represented in the current code page (936). Save the file in Unicode format to prevent data loss
     1>c:\program files\nvidia gpu computing toolkit\cuda\v6.5\include\device_functions_decls.h : warning C4819: The file contains a character that cannot be represented in the current code page (936). Save the file in Unicode format to prevent data loss
     1>c:\program files\nvidia gpu computing toolkit\cuda\v6.5\include\device_functions_decls.h(948): warning C4819: The file contains a character that cannot be represented in the current code page (936). Save the file in Unicode format to prevent data loss
     1>c:\program files\nvidia gpu computing toolkit\cuda\v6.5\include\device_functions_decls.h(1984): warning C4819: The file contains a character that cannot be represented in the current code page (936). Save the file in Unicode format to prevent data loss
     1>c:\program files\nvidia gpu computing toolkit\cuda\v6.5\include\device_functions_decls.h(2932): warning C4819: The file contains a character that cannot be represented in the current code page (936). Save the file in Unicode format to prevent data loss
     1>c:\program files\nvidia gpu computing toolkit\cuda\v6.5\include\device_functions_decls.h(3882): warning C4819: The file contains a character that cannot be represented in the current code page (936). Save the file in Unicode format to prevent data loss
     1>c:\program files\nvidia gpu computing toolkit\cuda\v6.5\include\device_functions_decls.h(4853): warning C4819: The file contains a character that cannot be represented in the current code page (936). Save the file in Unicode format to prevent data loss
     1>c:\program files\nvidia gpu computing toolkit\cuda\v6.5\include\device_functions_decls.h(5899): warning C4819: The file contains a character that cannot be represented in the current code page (936). Save the file in Unicode format to prevent data loss
     1>c:\program files\nvidia gpu computing toolkit\cuda\v6.5\include\device_functions_decls.h(6842): warning C4819: The file contains a character that cannot be represented in the current code page (936). Save the file in Unicode format to prevent data loss
     1>c:\program files\nvidia gpu computing toolkit\cuda\v6.5\include\device_functions_decls.h(7786): warning C4819: The file contains a character that cannot be represented in the current code page (936). Save the file in Unicode format to prevent data loss
     1>c:\program files\nvidia gpu computing toolkit\cuda\v6.5\include\device_functions_decls.h(8712): warning C4819: The file contains a character that cannot be represented in the current code page (936). Save the file in Unicode format to prevent data loss
     1>c:\program files\nvidia gpu computing toolkit\cuda\v6.5\include\device_functions_decls.h(9705): warning C4819: The file contains a character that cannot be represented in the current code page (936). Save the file in Unicode format to prevent data loss
     1>c:\program files\nvidia gpu computing toolkit\cuda\v6.5\include\device_functions_decls.h(10766): warning C4819: The file contains a character that cannot be represented in the current code page (936). Save the file in Unicode format to prevent data loss
     1>c:\program files\nvidia gpu computing toolkit\cuda\v6.5\include\device_functions.h : warning C4819: The file contains a character that cannot be represented in the current code page (936). Save the file in Unicode format to prevent data loss
     1>c:\program files\nvidia gpu computing toolkit\cuda\v6.5\include\device_functions.h(783): warning C4819: The file contains a character that cannot be represented in the current code page (936). Save the file in Unicode format to prevent data loss
     1>c:\program files\nvidia gpu computing toolkit\cuda\v6.5\include\device_functions.h(1659): warning C4819: The file contains a character that cannot be represented in the current code page (936). Save the file in Unicode format to prevent data loss
     1>c:\program files\nvidia gpu computing toolkit\cuda\v6.5\include\sm_13_double_functions.h : warning C4819: The file contains a character that cannot be represented in the current code page (936). Save the file in Unicode format to prevent data loss
     1>c:\program files\nvidia gpu computing toolkit\cuda\v6.5\include\math_functions.h : warning C4819: The file contains a character that cannot be represented in the current code page (936). Save the file in Unicode format to prevent data loss
     1>c:\program files\nvidia gpu computing toolkit\cuda\v6.5\include\math_functions.h(853): warning C4819: The file contains a character that cannot be represented in the current code page (936). Save the file in Unicode format to prevent data loss
     1>c:\program files\nvidia gpu computing toolkit\cuda\v6.5\include\math_functions.h(1820): warning C4819: The file contains a character that cannot be represented in the current code page (936). Save the file in Unicode format to prevent data loss
     1>c:\program files\nvidia gpu computing toolkit\cuda\v6.5\include\math_functions.h(2700): warning C4819: The file contains a character that cannot be represented in the current code page (936). Save the file in Unicode format to prevent data loss
     1>c:\program files\nvidia gpu computing toolkit\cuda\v6.5\include\math_functions.h(3633): warning C4819: The file contains a character that cannot be represented in the current code page (936). Save the file in Unicode format to prevent data loss
     1>c:\program files\nvidia gpu computing toolkit\cuda\v6.5\include\math_functions.h(4541): warning C4819: The file contains a character that cannot be represented in the current code page (936). Save the file in Unicode format to prevent data loss
     1>c:\program files\nvidia gpu computing toolkit\cuda\v6.5\include\math_functions.h(5447): warning C4819: The file contains a character that cannot be represented in the current code page (936). Save the file in Unicode format to prevent data loss
     1>c:\program files\nvidia gpu computing toolkit\cuda\v6.5\include\math_functions.h(6341): warning C4819: The file contains a character that cannot be represented in the current code page (936). Save the file in Unicode format to prevent data loss
     1>c:\program files\nvidia gpu computing toolkit\cuda\v6.5\include\math_functions.h(7191): warning C4819: The file contains a character that cannot be represented in the current code page (936). Save the file in Unicode format to prevent data loss
     1>c:\program files\nvidia gpu computing toolkit\cuda\v6.5\include\device_functions.h : warning C4819: The file contains a character that cannot be represented in the current code page (936). Save the file in Unicode format to prevent data loss
     1>c:\program files\nvidia gpu computing toolkit\cuda\v6.5\include\device_functions.h(783): warning C4819: The file contains a character that cannot be represented in the current code page (936). Save the file in Unicode format to prevent data loss
     1>c:\program files\nvidia gpu computing toolkit\cuda\v6.5\include\device_functions.h(1659): warning C4819: The file contains a character that cannot be represented in the current code page (936). Save the file in Unicode format to prevent data loss
     1>c:\program files\nvidia gpu computing toolkit\cuda\v6.5\include\sm_13_double_functions.h : warning C4819: The file contains a character that cannot be represented in the current code page (936). Save the file in Unicode format to prevent data loss
     1>C:\Program Files\NVIDIA GPU Computing Toolkit\CUDA\v6.5\include\math_functions.h : warning C4819: The file contains a character that cannot be represented in the current code page (936). Save the file in Unicode format to prevent data loss
     1>C:\Program Files\NVIDIA GPU Computing Toolkit\CUDA\v6.5\include\math_functions.h(853): warning C4819: The file contains a character that cannot be represented in the current code page (936). Save the file in Unicode format to prevent data loss
     1>C:\Program Files\NVIDIA GPU Computing Toolkit\CUDA\v6.5\include\math_functions.h(1820): warning C4819: The file contains a character that cannot be represented in the current code page (936). Save the file in Unicode format to prevent data loss
     1>C:\Program Files\NVIDIA GPU Computing Toolkit\CUDA\v6.5\include\math_functions.h(2700): warning C4819: The file contains a character that cannot be represented in the current code page (936). Save the file in Unicode format to prevent data loss
     1>C:\Program Files\NVIDIA GPU Computing Toolkit\CUDA\v6.5\include\math_functions.h(3633): warning C4819: The file contains a character that cannot be represented in the current code page (936). Save the file in Unicode format to prevent data loss
     1>C:\Program Files\NVIDIA GPU Computing Toolkit\CUDA\v6.5\include\math_functions.h(4541): warning C4819: The file contains a character that cannot be represented in the current code page (936). Save the file in Unicode format to prevent data loss
     1>C:\Program Files\NVIDIA GPU Computing Toolkit\CUDA\v6.5\include\math_functions.h(5447): warning C4819: The file contains a character that cannot be represented in the current code page (936). Save the file in Unicode format to prevent data loss
     1>C:\Program Files\NVIDIA GPU Computing Toolkit\CUDA\v6.5\include\math_functions.h(6341): warning C4819: The file contains a character that cannot be represented in the current code page (936). Save the file in Unicode format to prevent data loss
     1>C:\Program Files\NVIDIA GPU Computing Toolkit\CUDA\v6.5\include\math_functions.h(7191): warning C4819: The file contains a character that cannot be represented in the current code page (936). Save the file in Unicode format to prevent data loss
     1>c:\program files\nvidia gpu computing toolkit\cuda\v6.5\include\math_functions.h : warning C4819: The file contains a character that cannot be represented in the current code page (936). Save the file in Unicode format to prevent data loss
     1>c:\program files\nvidia gpu computing toolkit\cuda\v6.5\include\math_functions.h(853): warning C4819: The file contains a character that cannot be represented in the current code page (936). Save the file in Unicode format to prevent data loss
     1>c:\program files\nvidia gpu computing toolkit\cuda\v6.5\include\math_functions.h(1820): warning C4819: The file contains a character that cannot be represented in the current code page (936). Save the file in Unicode format to prevent data loss
     1>c:\program files\nvidia gpu computing toolkit\cuda\v6.5\include\math_functions.h(2700): warning C4819: The file contains a character that cannot be represented in the current code page (936). Save the file in Unicode format to prevent data loss
     1>c:\program files\nvidia gpu computing toolkit\cuda\v6.5\include\math_functions.h(3633): warning C4819: The file contains a character that cannot be represented in the current code page (936). Save the file in Unicode format to prevent data loss
     1>c:\program files\nvidia gpu computing toolkit\cuda\v6.5\include\math_functions.h(4541): warning C4819: The file contains a character that cannot be represented in the current code page (936). Save the file in Unicode format to prevent data loss
     1>c:\program files\nvidia gpu computing toolkit\cuda\v6.5\include\math_functions.h(5447): warning C4819: The file contains a character that cannot be represented in the current code page (936). Save the file in Unicode format to prevent data loss
     1>c:\program files\nvidia gpu computing toolkit\cuda\v6.5\include\math_functions.h(6341): warning C4819: The file contains a character that cannot be represented in the current code page (936). Save the file in Unicode format to prevent data loss
     1>c:\program files\nvidia gpu computing toolkit\cuda\v6.5\include\math_functions.h(7191): warning C4819: The file contains a character that cannot be represented in the current code page (936). Save the file in Unicode format to prevent data loss
         kernel.cu
     1>C:/Users/Huayu/Desktop/CSCI 580/580Project/CSCI580_FinalProject/CS580_Final_Project/CS580_Final_Project/kernel.cu(176): warning C4244: '=' : conversion from 'double' to 'float', possible loss of data
       ClCompile:
         C:\Program Files (x86)\Microsoft Visual Studio 12.0\VC\bin\CL.exe /c /I"C:\Program Files\NVIDIA GPU Computing Toolkit\CUDA\v6.5\include" /ZI /nologo /W3 /WX- /Od /Oy- /D WIN32 /D _DEBUG /D _CONSOLE /D _MBCS /Gm /EHsc /RTC1 /MDd /GS /fp:precise /Zc:wchar_t /Zc:forScope /Fo"Debug\\" /Fd"Debug\vc120.pdb" /Gd /TP /analyze- /errorReport:prompt KDTree.cpp main.cpp
         KDTree.cpp
     1>c:\users\huayu\desktop\csci 580\580project\csci580_finalproject\cs580_final_project\cs580_final_project\kdtree.cpp(12): warning C4244: '=' : conversion from 'float' to 'int', possible loss of data
     1>c:\users\huayu\desktop\csci 580\580project\csci580_finalproject\cs580_final_project\cs580_final_project\kdtree.cpp(17): warning C4244: '=' : conversion from 'float' to 'int', possible loss of data
     1>c:\users\huayu\desktop\csci 580\580project\csci580_finalproject\cs580_final_project\cs580_final_project\kdtree.cpp(22): warning C4244: '=' : conversion from 'float' to 'int', possible loss of data
     1>c:\users\huayu\desktop\csci 580\580project\csci580_finalproject\cs580_final_project\cs580_final_project\kdtree.cpp(42): warning C4101: 'bmax' : unreferenced local variable
     1>c:\users\huayu\desktop\csci 580\580project\csci580_finalproject\cs580_final_project\cs580_final_project\kdtree.cpp(42): warning C4101: 'bmin' : unreferenced local variable
     1>c:\users\huayu\desktop\csci 580\580project\csci580_finalproject\cs580_final_project\cs580_final_project\kdtree.cpp(48): warning C4305: '=' : truncation from 'int' to 'float'
     1>c:\users\huayu\desktop\csci 580\580project\csci580_finalproject\cs580_final_project\cs580_final_project\kdtree.cpp(49): warning C4305: '=' : truncation from 'int' to 'float'
     1>c:\users\huayu\desktop\csci 580\580project\csci580_finalproject\cs580_final_project\cs580_final_project\kdtree.cpp(50): warning C4305: '=' : truncation from 'int' to 'float'
     1>c:\users\huayu\desktop\csci 580\580project\csci580_finalproject\cs580_final_project\cs580_final_project\kdtree.cpp(94): warning C4244: '+=' : conversion from 'double' to 'float', possible loss of data
     1>c:\users\huayu\desktop\csci 580\580project\csci580_finalproject\cs580_final_project\cs580_final_project\kdtree.cpp(95): warning C4244: '+=' : conversion from 'double' to 'float', possible loss of data
     1>c:\users\huayu\desktop\csci 580\580project\csci580_finalproject\cs580_final_project\cs580_final_project\kdtree.cpp(96): warning C4244: '+=' : conversion from 'double' to 'float', possible loss of data
     1>c:\users\huayu\desktop\csci 580\580project\csci580_finalproject\cs580_final_project\cs580_final_project\kdtree.cpp(102): warning C4018: '<' : signed/unsigned mismatch
     1>c:\users\huayu\desktop\csci 580\580project\csci580_finalproject\cs580_final_project\cs580_final_project\kdtree.cpp(122): warning C4018: '<' : signed/unsigned mismatch
     1>c:\users\huayu\desktop\csci 580\580project\csci580_finalproject\cs580_final_project\cs580_final_project\kdtree.cpp(124): warning C4018: '<' : signed/unsigned mismatch
         Generating Code...
         Compiling...
         main.cpp
         Generating Code...
       Link:
         C:\Program Files (x86)\Microsoft Visual Studio 12.0\VC\bin\link.exe /ERRORREPORT:PROMPT /OUT:"C:\Users\Huayu\Desktop\CSCI 580\580Project\CSCI580_FinalProject\CS580_Final_Project\Debug\CS580_Final_Project.exe" /INCREMENTAL /NOLOGO /LIBPATH:"C:\Program Files\NVIDIA GPU Computing Toolkit\CUDA\v6.5\lib\Win32" cudart.lib kernel32.lib user32.lib gdi32.lib winspool.lib comdlg32.lib advapi32.lib shell32.lib ole32.lib oleaut32.lib uuid.lib odbc32.lib odbccp32.lib kernel32.lib user32.lib gdi32.lib winspool.lib comdlg32.lib advapi32.lib shell32.lib ole32.lib oleaut32.lib uuid.lib odbc32.lib odbccp32.lib /MANIFEST /MANIFESTUAC:"level='asInvoker' uiAccess='false'" /manifest:embed /DEBUG /PDB:"C:\Users\Huayu\Desktop\CSCI 580\580Project\CSCI580_FinalProject\CS580_Final_Project\Debug\CS580_Final_Project.pdb" /SUBSYSTEM:CONSOLE /TLBID:1 /DYNAMICBASE /NXCOMPAT /IMPLIB:"C:\Users\Huayu\Desktop\CSCI 580\580Project\CSCI580_FinalProject\CS580_Final_Project\Debug\CS580_Final_Project.lib" /MACHINE:X86 Debug\kernel.cu.obj
         Debug\KDTree.obj
         Debug\main.obj
         CS580_Final_Project.vcxproj -> C:\Users\Huayu\Desktop\CSCI 580\580Project\CSCI580_FinalProject\CS580_Final_Project\Debug\CS580_Final_Project.exe
       PostBuildEvent:
         echo copy "C:\Program Files\NVIDIA GPU Computing Toolkit\CUDA\v6.5\bin\cudart*.dll" "C:\Users\Huayu\Desktop\CSCI 580\580Project\CSCI580_FinalProject\CS580_Final_Project\Debug\"
         copy "C:\Program Files\NVIDIA GPU Computing Toolkit\CUDA\v6.5\bin\cudart*.dll" "C:\Users\Huayu\Desktop\CSCI 580\580Project\CSCI580_FinalProject\CS580_Final_Project\Debug\"
         :VCEnd
         copy "C:\Program Files\NVIDIA GPU Computing Toolkit\CUDA\v6.5\bin\cudart*.dll" "C:\Users\Huayu\Desktop\CSCI 580\580Project\CSCI580_FinalProject\CS580_Final_Project\Debug\"
         C:\Program Files\NVIDIA GPU Computing Toolkit\CUDA\v6.5\bin\cudart32_65.dll
         C:\Program Files\NVIDIA GPU Computing Toolkit\CUDA\v6.5\bin\cudart64_65.dll
                 2 file(s) copied.
     1>Done Building Project "C:\Users\Huayu\Desktop\CSCI 580\580Project\CSCI580_FinalProject\CS580_Final_Project\CS580_Final_Project\CS580_Final_Project.vcxproj" (Build target(s)).

Build succeeded.

Time Elapsed 00:00:04.30
